\BOOKMARK [0][-]{chapter.1}{\376\377\000H\000i\000e\000r\000a\000r\000c\000h\000i\000c\000a\000l\000\040\000I\000n\000d\000e\000x}{}% 1
\BOOKMARK [1][-]{section.1.1}{\376\377\000C\000l\000a\000s\000s\000\040\000H\000i\000e\000r\000a\000r\000c\000h\000y}{chapter.1}% 2
\BOOKMARK [0][-]{chapter.2}{\376\377\000C\000l\000a\000s\000s\000\040\000I\000n\000d\000e\000x}{}% 3
\BOOKMARK [1][-]{section.2.1}{\376\377\000C\000l\000a\000s\000s\000\040\000L\000i\000s\000t}{chapter.2}% 4
\BOOKMARK [0][-]{chapter.3}{\376\377\000F\000i\000l\000e\000\040\000I\000n\000d\000e\000x}{}% 5
\BOOKMARK [1][-]{section.3.1}{\376\377\000F\000i\000l\000e\000\040\000L\000i\000s\000t}{chapter.3}% 6
\BOOKMARK [0][-]{chapter.4}{\376\377\000C\000l\000a\000s\000s\000\040\000D\000o\000c\000u\000m\000e\000n\000t\000a\000t\000i\000o\000n}{}% 7
\BOOKMARK [1][-]{section.4.1}{\376\377\000A\000r\000c\000\137\000t\000\040\000S\000t\000r\000u\000c\000t\000\040\000R\000e\000f\000e\000r\000e\000n\000c\000e}{chapter.4}% 8
\BOOKMARK [1][-]{section.4.2}{\376\377\000a\000s\000f\000i\000g\000\040\000S\000t\000r\000u\000c\000t\000\040\000R\000e\000f\000e\000r\000e\000n\000c\000e}{chapter.4}% 9
\BOOKMARK [1][-]{section.4.3}{\376\377\000a\000s\000i\000s\000c\000\040\000S\000t\000r\000u\000c\000t\000\040\000R\000e\000f\000e\000r\000e\000n\000c\000e}{chapter.4}% 10
\BOOKMARK [1][-]{section.4.4}{\376\377\000a\000s\000i\000s\000s\000\040\000S\000t\000r\000u\000c\000t\000\040\000R\000e\000f\000e\000r\000e\000n\000c\000e}{chapter.4}% 11
\BOOKMARK [1][-]{section.4.5}{\376\377\000a\000s\000o\000b\000j\000\040\000S\000t\000r\000u\000c\000t\000\040\000R\000e\000f\000e\000r\000e\000n\000c\000e}{chapter.4}% 12
\BOOKMARK [1][-]{section.4.6}{\376\377\000a\000s\000o\000s\000c\000\040\000S\000t\000r\000u\000c\000t\000\040\000R\000e\000f\000e\000r\000e\000n\000c\000e}{chapter.4}% 13
\BOOKMARK [1][-]{section.4.7}{\376\377\000B\000a\000s\000i\000c\000\137\000b\000l\000o\000c\000k\000\040\000C\000l\000a\000s\000s\000\040\000R\000e\000f\000e\000r\000e\000n\000c\000e}{chapter.4}% 14
\BOOKMARK [2][-]{subsection.4.7.1}{\376\377\000D\000e\000t\000a\000i\000l\000e\000d\000\040\000D\000e\000s\000c\000r\000i\000p\000t\000i\000o\000n}{section.4.7}% 15
\BOOKMARK [1][-]{section.4.8}{\376\377\000C\000f\000g\000\040\000C\000l\000a\000s\000s\000\040\000R\000e\000f\000e\000r\000e\000n\000c\000e}{chapter.4}% 16
\BOOKMARK [2][-]{subsection.4.8.1}{\376\377\000D\000e\000t\000a\000i\000l\000e\000d\000\040\000D\000e\000s\000c\000r\000i\000p\000t\000i\000o\000n}{section.4.8}% 17
\BOOKMARK [1][-]{section.4.9}{\376\377\000d\000e\000p\000\040\000S\000t\000r\000u\000c\000t\000\040\000R\000e\000f\000e\000r\000e\000n\000c\000e}{chapter.4}% 18
\BOOKMARK [1][-]{section.4.10}{\376\377\000D\000f\000g\000\040\000C\000l\000a\000s\000s\000\040\000R\000e\000f\000e\000r\000e\000n\000c\000e}{chapter.4}% 19
\BOOKMARK [2][-]{subsection.4.10.1}{\376\377\000D\000e\000t\000a\000i\000l\000e\000d\000\040\000D\000e\000s\000c\000r\000i\000p\000t\000i\000o\000n}{section.4.10}% 20
\BOOKMARK [1][-]{section.4.11}{\376\377\000D\000i\000r\000e\000c\000t\000i\000v\000e\000\040\000C\000l\000a\000s\000s\000\040\000R\000e\000f\000e\000r\000e\000n\000c\000e}{chapter.4}% 21
\BOOKMARK [2][-]{subsection.4.11.1}{\376\377\000D\000e\000t\000a\000i\000l\000e\000d\000\040\000D\000e\000s\000c\000r\000i\000p\000t\000i\000o\000n}{section.4.11}% 22
\BOOKMARK [1][-]{section.4.12}{\376\377\000F\000u\000n\000c\000t\000i\000o\000n\000\040\000C\000l\000a\000s\000s\000\040\000R\000e\000f\000e\000r\000e\000n\000c\000e}{chapter.4}% 23
\BOOKMARK [2][-]{subsection.4.12.1}{\376\377\000D\000e\000t\000a\000i\000l\000e\000d\000\040\000D\000e\000s\000c\000r\000i\000p\000t\000i\000o\000n}{section.4.12}% 24
\BOOKMARK [1][-]{section.4.13}{\376\377\000I\000n\000s\000t\000r\000u\000c\000t\000i\000o\000n\000\040\000C\000l\000a\000s\000s\000\040\000R\000e\000f\000e\000r\000e\000n\000c\000e}{chapter.4}% 25
\BOOKMARK [2][-]{subsection.4.13.1}{\376\377\000D\000e\000t\000a\000i\000l\000e\000d\000\040\000D\000e\000s\000c\000r\000i\000p\000t\000i\000o\000n}{section.4.13}% 26
\BOOKMARK [2][-]{subsection.4.13.2}{\376\377\000M\000e\000m\000b\000e\000r\000\040\000F\000u\000n\000c\000t\000i\000o\000n\000\040\000D\000o\000c\000u\000m\000e\000n\000t\000a\000t\000i\000o\000n}{section.4.13}% 27
\BOOKMARK [3][-]{subsubsection.4.13.2.1}{\376\377\000g\000e\000t\000\137\000n\000b\000O\000p}{subsection.4.13.2}% 28
\BOOKMARK [3][-]{subsubsection.4.13.2.2}{\376\377\000i\000s\000\137\000d\000e\000p\000\137\000M\000E\000M}{subsection.4.13.2}% 29
\BOOKMARK [3][-]{subsubsection.4.13.2.3}{\376\377\000i\000s\000\137\000d\000e\000p\000\137\000R\000A\000W}{subsection.4.13.2}% 30
\BOOKMARK [3][-]{subsubsection.4.13.2.4}{\376\377\000i\000s\000\137\000d\000e\000p\000\137\000R\000A\000W\0001}{subsection.4.13.2}% 31
\BOOKMARK [3][-]{subsubsection.4.13.2.5}{\376\377\000i\000s\000\137\000d\000e\000p\000\137\000R\000A\000W\0002}{subsection.4.13.2}% 32
\BOOKMARK [3][-]{subsubsection.4.13.2.6}{\376\377\000i\000s\000\137\000d\000e\000p\000\137\000W\000A\000R}{subsection.4.13.2}% 33
\BOOKMARK [3][-]{subsubsection.4.13.2.7}{\376\377\000i\000s\000\137\000d\000e\000p\000\137\000W\000A\000R\0001}{subsection.4.13.2}% 34
\BOOKMARK [3][-]{subsubsection.4.13.2.8}{\376\377\000i\000s\000\137\000d\000e\000p\000\137\000W\000A\000R\0002}{subsection.4.13.2}% 35
\BOOKMARK [3][-]{subsubsection.4.13.2.9}{\376\377\000i\000s\000\137\000d\000e\000p\000\137\000W\000A\000W}{subsection.4.13.2}% 36
\BOOKMARK [3][-]{subsubsection.4.13.2.10}{\376\377\000i\000s\000\137\000d\000e\000p\000e\000n\000d\000a\000n\000t}{subsection.4.13.2}% 37
\BOOKMARK [1][-]{section.4.14}{\376\377\000L\000a\000b\000e\000l\000\040\000C\000l\000a\000s\000s\000\040\000R\000e\000f\000e\000r\000e\000n\000c\000e}{chapter.4}% 38
\BOOKMARK [2][-]{subsection.4.14.1}{\376\377\000D\000e\000t\000a\000i\000l\000e\000d\000\040\000D\000e\000s\000c\000r\000i\000p\000t\000i\000o\000n}{section.4.14}% 39
\BOOKMARK [1][-]{section.4.15}{\376\377\000L\000i\000n\000e\000\040\000C\000l\000a\000s\000s\000\040\000R\000e\000f\000e\000r\000e\000n\000c\000e}{chapter.4}% 40
\BOOKMARK [2][-]{subsection.4.15.1}{\376\377\000D\000e\000t\000a\000i\000l\000e\000d\000\040\000D\000e\000s\000c\000r\000i\000p\000t\000i\000o\000n}{section.4.15}% 41
\BOOKMARK [2][-]{subsection.4.15.2}{\376\377\000M\000e\000m\000b\000e\000r\000\040\000F\000u\000n\000c\000t\000i\000o\000n\000\040\000D\000o\000c\000u\000m\000e\000n\000t\000a\000t\000i\000o\000n}{section.4.15}% 42
\BOOKMARK [3][-]{subsubsection.4.15.2.1}{\376\377\000t\000o\000\137\000s\000t\000r\000i\000n\000g}{subsection.4.15.2}% 43
\BOOKMARK [1][-]{section.4.16}{\376\377\000N\000o\000d\000e\000\040\000C\000l\000a\000s\000s\000\040\000R\000e\000f\000e\000r\000e\000n\000c\000e}{chapter.4}% 44
\BOOKMARK [2][-]{subsection.4.16.1}{\376\377\000D\000e\000t\000a\000i\000l\000e\000d\000\040\000D\000e\000s\000c\000r\000i\000p\000t\000i\000o\000n}{section.4.16}% 45
\BOOKMARK [1][-]{section.4.17}{\376\377\000N\000o\000d\000e\000\137\000d\000f\000g\000\040\000C\000l\000a\000s\000s\000\040\000R\000e\000f\000e\000r\000e\000n\000c\000e}{chapter.4}% 46
\BOOKMARK [2][-]{subsection.4.17.1}{\376\377\000D\000e\000t\000a\000i\000l\000e\000d\000\040\000D\000e\000s\000c\000r\000i\000p\000t\000i\000o\000n}{section.4.17}% 47
\BOOKMARK [1][-]{section.4.18}{\376\377\000O\000p\000e\000r\000a\000n\000d\000\040\000C\000l\000a\000s\000s\000\040\000R\000e\000f\000e\000r\000e\000n\000c\000e}{chapter.4}% 48
\BOOKMARK [2][-]{subsection.4.18.1}{\376\377\000D\000e\000t\000a\000i\000l\000e\000d\000\040\000D\000e\000s\000c\000r\000i\000p\000t\000i\000o\000n}{section.4.18}% 49
\BOOKMARK [2][-]{subsection.4.18.2}{\376\377\000M\000e\000m\000b\000e\000r\000\040\000F\000u\000n\000c\000t\000i\000o\000n\000\040\000D\000o\000c\000u\000m\000e\000n\000t\000a\000t\000i\000o\000n}{section.4.18}% 50
\BOOKMARK [3][-]{subsubsection.4.18.2.1}{\376\377\000g\000e\000t\000\137\000o\000p\000\137\000t\000y\000p\000e}{subsection.4.18.2}% 51
\BOOKMARK [3][-]{subsubsection.4.18.2.2}{\376\377\000t\000o\000\137\000s\000t\000r\000i\000n\000g}{subsection.4.18.2}% 52
\BOOKMARK [1][-]{section.4.19}{\376\377\000O\000P\000E\000x\000p\000r\000e\000s\000s\000i\000o\000n\000\040\000C\000l\000a\000s\000s\000\040\000R\000e\000f\000e\000r\000e\000n\000c\000e}{chapter.4}% 53
\BOOKMARK [2][-]{subsection.4.19.1}{\376\377\000D\000e\000t\000a\000i\000l\000e\000d\000\040\000D\000e\000s\000c\000r\000i\000p\000t\000i\000o\000n}{section.4.19}% 54
\BOOKMARK [2][-]{subsection.4.19.2}{\376\377\000M\000e\000m\000b\000e\000r\000\040\000F\000u\000n\000c\000t\000i\000o\000n\000\040\000D\000o\000c\000u\000m\000e\000n\000t\000a\000t\000i\000o\000n}{section.4.19}% 55
\BOOKMARK [3][-]{subsubsection.4.19.2.1}{\376\377\000g\000e\000t\000\137\000o\000p}{subsection.4.19.2}% 56
\BOOKMARK [3][-]{subsubsection.4.19.2.2}{\376\377\000g\000e\000t\000\137\000o\000p\000\137\000t\000y\000p\000e}{subsection.4.19.2}% 57
\BOOKMARK [3][-]{subsubsection.4.19.2.3}{\376\377\000t\000o\000\137\000s\000t\000r\000i\000n\000g}{subsection.4.19.2}% 58
\BOOKMARK [1][-]{section.4.20}{\376\377\000O\000P\000I\000m\000m\000e\000d\000i\000a\000t\000e\000\040\000C\000l\000a\000s\000s\000\040\000R\000e\000f\000e\000r\000e\000n\000c\000e}{chapter.4}% 59
\BOOKMARK [2][-]{subsection.4.20.1}{\376\377\000D\000e\000t\000a\000i\000l\000e\000d\000\040\000D\000e\000s\000c\000r\000i\000p\000t\000i\000o\000n}{section.4.20}% 60
\BOOKMARK [2][-]{subsection.4.20.2}{\376\377\000M\000e\000m\000b\000e\000r\000\040\000F\000u\000n\000c\000t\000i\000o\000n\000\040\000D\000o\000c\000u\000m\000e\000n\000t\000a\000t\000i\000o\000n}{section.4.20}% 61
\BOOKMARK [3][-]{subsubsection.4.20.2.1}{\376\377\000g\000e\000t\000\137\000o\000p}{subsection.4.20.2}% 62
\BOOKMARK [3][-]{subsubsection.4.20.2.2}{\376\377\000g\000e\000t\000\137\000o\000p\000\137\000t\000y\000p\000e}{subsection.4.20.2}% 63
\BOOKMARK [3][-]{subsubsection.4.20.2.3}{\376\377\000t\000o\000\137\000s\000t\000r\000i\000n\000g}{subsection.4.20.2}% 64
\BOOKMARK [1][-]{section.4.21}{\376\377\000O\000P\000L\000a\000b\000e\000l\000\040\000C\000l\000a\000s\000s\000\040\000R\000e\000f\000e\000r\000e\000n\000c\000e}{chapter.4}% 65
\BOOKMARK [2][-]{subsection.4.21.1}{\376\377\000D\000e\000t\000a\000i\000l\000e\000d\000\040\000D\000e\000s\000c\000r\000i\000p\000t\000i\000o\000n}{section.4.21}% 66
\BOOKMARK [2][-]{subsection.4.21.2}{\376\377\000M\000e\000m\000b\000e\000r\000\040\000F\000u\000n\000c\000t\000i\000o\000n\000\040\000D\000o\000c\000u\000m\000e\000n\000t\000a\000t\000i\000o\000n}{section.4.21}% 67
\BOOKMARK [3][-]{subsubsection.4.21.2.1}{\376\377\000g\000e\000t\000\137\000o\000p\000\137\000t\000y\000p\000e}{subsection.4.21.2}% 68
\BOOKMARK [3][-]{subsubsection.4.21.2.2}{\376\377\000t\000o\000\137\000s\000t\000r\000i\000n\000g}{subsection.4.21.2}% 69
\BOOKMARK [1][-]{section.4.22}{\376\377\000O\000P\000R\000e\000g\000i\000s\000t\000e\000r\000\040\000C\000l\000a\000s\000s\000\040\000R\000e\000f\000e\000r\000e\000n\000c\000e}{chapter.4}% 70
\BOOKMARK [2][-]{subsection.4.22.1}{\376\377\000D\000e\000t\000a\000i\000l\000e\000d\000\040\000D\000e\000s\000c\000r\000i\000p\000t\000i\000o\000n}{section.4.22}% 71
\BOOKMARK [2][-]{subsection.4.22.2}{\376\377\000M\000e\000m\000b\000e\000r\000\040\000F\000u\000n\000c\000t\000i\000o\000n\000\040\000D\000o\000c\000u\000m\000e\000n\000t\000a\000t\000i\000o\000n}{section.4.22}% 72
\BOOKMARK [3][-]{subsubsection.4.22.2.1}{\376\377\000g\000e\000t\000\137\000o\000p}{subsection.4.22.2}% 73
\BOOKMARK [3][-]{subsubsection.4.22.2.2}{\376\377\000g\000e\000t\000\137\000o\000p\000\137\000t\000y\000p\000e}{subsection.4.22.2}% 74
\BOOKMARK [3][-]{subsubsection.4.22.2.3}{\376\377\000g\000e\000t\000\137\000r\000e\000g}{subsection.4.22.2}% 75
\BOOKMARK [3][-]{subsubsection.4.22.2.4}{\376\377\000t\000o\000\137\000s\000t\000r\000i\000n\000g}{subsection.4.22.2}% 76
\BOOKMARK [1][-]{section.4.23}{\376\377\000P\000r\000o\000g\000r\000a\000m\000\040\000C\000l\000a\000s\000s\000\040\000R\000e\000f\000e\000r\000e\000n\000c\000e}{chapter.4}% 77
\BOOKMARK [2][-]{subsection.4.23.1}{\376\377\000D\000e\000t\000a\000i\000l\000e\000d\000\040\000D\000e\000s\000c\000r\000i\000p\000t\000i\000o\000n}{section.4.23}% 78
\BOOKMARK [2][-]{subsection.4.23.2}{\376\377\000M\000e\000m\000b\000e\000r\000\040\000F\000u\000n\000c\000t\000i\000o\000n\000\040\000D\000o\000c\000u\000m\000e\000n\000t\000a\000t\000i\000o\000n}{section.4.23}% 79
\BOOKMARK [3][-]{subsubsection.4.23.2.1}{\376\377\000i\000n\000\137\000f\000i\000l\000e}{subsection.4.23.2}% 80
\BOOKMARK [1][-]{section.4.24}{\376\377\000s\000\137\000P\000r\000o\000f\000i\000l\000e\000\040\000S\000t\000r\000u\000c\000t\000\040\000R\000e\000f\000e\000r\000e\000n\000c\000e}{chapter.4}% 81
\BOOKMARK [2][-]{subsection.4.24.1}{\376\377\000D\000e\000t\000a\000i\000l\000e\000d\000\040\000D\000e\000s\000c\000r\000i\000p\000t\000i\000o\000n}{section.4.24}% 82
\BOOKMARK [1][-]{section.4.25}{\376\377\000T\000e\000s\000t\000O\000P\000L\000a\000b\000e\000l\000\040\000C\000l\000a\000s\000s\000\040\000R\000e\000f\000e\000r\000e\000n\000c\000e}{chapter.4}% 83
\BOOKMARK [1][-]{section.4.26}{\376\377\000u\000t\000c\000h\000n\000\040\000S\000t\000r\000u\000c\000t\000\040\000R\000e\000f\000e\000r\000e\000n\000c\000e}{chapter.4}% 84
\BOOKMARK [1][-]{section.4.27}{\376\377\000u\000t\000d\000a\000t\000\040\000U\000n\000i\000o\000n\000\040\000R\000e\000f\000e\000r\000e\000n\000c\000e}{chapter.4}% 85
\BOOKMARK [1][-]{section.4.28}{\376\377\000u\000t\000d\000i\000c\000\040\000S\000t\000r\000u\000c\000t\000\040\000R\000e\000f\000e\000r\000e\000n\000c\000e}{chapter.4}% 86
\BOOKMARK [1][-]{section.4.29}{\376\377\000u\000t\000d\000i\000t\000\040\000S\000t\000r\000u\000c\000t\000\040\000R\000e\000f\000e\000r\000e\000n\000c\000e}{chapter.4}% 87
\BOOKMARK [1][-]{section.4.30}{\376\377\000u\000t\000t\000d\000c\000\040\000S\000t\000r\000u\000c\000t\000\040\000R\000e\000f\000e\000r\000e\000n\000c\000e}{chapter.4}% 88
\BOOKMARK [1][-]{section.4.31}{\376\377\000u\000t\000t\000p\000d\000\040\000S\000t\000r\000u\000c\000t\000\040\000R\000e\000f\000e\000r\000e\000n\000c\000e}{chapter.4}% 89
\BOOKMARK [1][-]{section.4.32}{\376\377\000u\000t\000t\000y\000p\000\040\000S\000t\000r\000u\000c\000t\000\040\000R\000e\000f\000e\000r\000e\000n\000c\000e}{chapter.4}% 90
\BOOKMARK [1][-]{section.4.33}{\376\377\000Y\000Y\000S\000T\000Y\000P\000E\000\040\000U\000n\000i\000o\000n\000\040\000R\000e\000f\000e\000r\000e\000n\000c\000e}{chapter.4}% 91
\BOOKMARK [0][-]{chapter.5}{\376\377\000F\000i\000l\000e\000\040\000D\000o\000c\000u\000m\000e\000n\000t\000a\000t\000i\000o\000n}{}% 92
\BOOKMARK [1][-]{section.5.1}{\376\377\000B\000a\000s\000i\000c\000\137\000b\000l\000o\000c\000k\000.\000h\000\040\000F\000i\000l\000e\000\040\000R\000e\000f\000e\000r\000e\000n\000c\000e}{chapter.5}% 93
\BOOKMARK [2][-]{subsection.5.1.1}{\376\377\000D\000e\000t\000a\000i\000l\000e\000d\000\040\000D\000e\000s\000c\000r\000i\000p\000t\000i\000o\000n}{section.5.1}% 94
\BOOKMARK [1][-]{section.5.2}{\376\377\000C\000f\000g\000.\000h\000\040\000F\000i\000l\000e\000\040\000R\000e\000f\000e\000r\000e\000n\000c\000e}{chapter.5}% 95
\BOOKMARK [2][-]{subsection.5.2.1}{\376\377\000D\000e\000t\000a\000i\000l\000e\000d\000\040\000D\000e\000s\000c\000r\000i\000p\000t\000i\000o\000n}{section.5.2}% 96
\BOOKMARK [1][-]{section.5.3}{\376\377\000D\000f\000g\000.\000h\000\040\000F\000i\000l\000e\000\040\000R\000e\000f\000e\000r\000e\000n\000c\000e}{chapter.5}% 97
\BOOKMARK [2][-]{subsection.5.3.1}{\376\377\000D\000e\000t\000a\000i\000l\000e\000d\000\040\000D\000e\000s\000c\000r\000i\000p\000t\000i\000o\000n}{section.5.3}% 98
\BOOKMARK [1][-]{section.5.4}{\376\377\000D\000i\000r\000e\000c\000t\000i\000v\000e\000.\000h\000\040\000F\000i\000l\000e\000\040\000R\000e\000f\000e\000r\000e\000n\000c\000e}{chapter.5}% 99
\BOOKMARK [2][-]{subsection.5.4.1}{\376\377\000D\000e\000t\000a\000i\000l\000e\000d\000\040\000D\000e\000s\000c\000r\000i\000p\000t\000i\000o\000n}{section.5.4}% 100
\BOOKMARK [1][-]{section.5.5}{\376\377\000F\000u\000n\000c\000t\000i\000o\000n\000.\000h\000\040\000F\000i\000l\000e\000\040\000R\000e\000f\000e\000r\000e\000n\000c\000e}{chapter.5}% 101
\BOOKMARK [2][-]{subsection.5.5.1}{\376\377\000D\000e\000t\000a\000i\000l\000e\000d\000\040\000D\000e\000s\000c\000r\000i\000p\000t\000i\000o\000n}{section.5.5}% 102
\BOOKMARK [1][-]{section.5.6}{\376\377\000I\000n\000s\000t\000r\000u\000c\000t\000i\000o\000n\000.\000h\000\040\000F\000i\000l\000e\000\040\000R\000e\000f\000e\000r\000e\000n\000c\000e}{chapter.5}% 103
\BOOKMARK [2][-]{subsection.5.6.1}{\376\377\000D\000e\000t\000a\000i\000l\000e\000d\000\040\000D\000e\000s\000c\000r\000i\000p\000t\000i\000o\000n}{section.5.6}% 104
\BOOKMARK [1][-]{section.5.7}{\376\377\000L\000a\000b\000e\000l\000.\000h\000\040\000F\000i\000l\000e\000\040\000R\000e\000f\000e\000r\000e\000n\000c\000e}{chapter.5}% 105
\BOOKMARK [2][-]{subsection.5.7.1}{\376\377\000D\000e\000t\000a\000i\000l\000e\000d\000\040\000D\000e\000s\000c\000r\000i\000p\000t\000i\000o\000n}{section.5.7}% 106
\BOOKMARK [1][-]{section.5.8}{\376\377\000L\000i\000n\000e\000.\000h\000\040\000F\000i\000l\000e\000\040\000R\000e\000f\000e\000r\000e\000n\000c\000e}{chapter.5}% 107
\BOOKMARK [2][-]{subsection.5.8.1}{\376\377\000D\000e\000t\000a\000i\000l\000e\000d\000\040\000D\000e\000s\000c\000r\000i\000p\000t\000i\000o\000n}{section.5.8}% 108
\BOOKMARK [1][-]{section.5.9}{\376\377\000N\000o\000d\000e\000.\000h\000\040\000F\000i\000l\000e\000\040\000R\000e\000f\000e\000r\000e\000n\000c\000e}{chapter.5}% 109
\BOOKMARK [2][-]{subsection.5.9.1}{\376\377\000D\000e\000t\000a\000i\000l\000e\000d\000\040\000D\000e\000s\000c\000r\000i\000p\000t\000i\000o\000n}{section.5.9}% 110
\BOOKMARK [1][-]{section.5.10}{\376\377\000N\000o\000d\000e\000\137\000d\000f\000g\000.\000h\000\040\000F\000i\000l\000e\000\040\000R\000e\000f\000e\000r\000e\000n\000c\000e}{chapter.5}% 111
\BOOKMARK [2][-]{subsection.5.10.1}{\376\377\000D\000e\000t\000a\000i\000l\000e\000d\000\040\000D\000e\000s\000c\000r\000i\000p\000t\000i\000o\000n}{section.5.10}% 112
\BOOKMARK [1][-]{section.5.11}{\376\377\000O\000p\000e\000r\000a\000n\000d\000.\000h\000\040\000F\000i\000l\000e\000\040\000R\000e\000f\000e\000r\000e\000n\000c\000e}{chapter.5}% 113
\BOOKMARK [2][-]{subsection.5.11.1}{\376\377\000D\000e\000t\000a\000i\000l\000e\000d\000\040\000D\000e\000s\000c\000r\000i\000p\000t\000i\000o\000n}{section.5.11}% 114
\BOOKMARK [1][-]{section.5.12}{\376\377\000O\000P\000E\000x\000p\000r\000e\000s\000s\000i\000o\000n\000.\000h\000\040\000F\000i\000l\000e\000\040\000R\000e\000f\000e\000r\000e\000n\000c\000e}{chapter.5}% 115
\BOOKMARK [2][-]{subsection.5.12.1}{\376\377\000D\000e\000t\000a\000i\000l\000e\000d\000\040\000D\000e\000s\000c\000r\000i\000p\000t\000i\000o\000n}{section.5.12}% 116
\BOOKMARK [1][-]{section.5.13}{\376\377\000O\000P\000I\000m\000m\000e\000d\000i\000a\000t\000e\000.\000h\000\040\000F\000i\000l\000e\000\040\000R\000e\000f\000e\000r\000e\000n\000c\000e}{chapter.5}% 117
\BOOKMARK [2][-]{subsection.5.13.1}{\376\377\000D\000e\000t\000a\000i\000l\000e\000d\000\040\000D\000e\000s\000c\000r\000i\000p\000t\000i\000o\000n}{section.5.13}% 118
\BOOKMARK [1][-]{section.5.14}{\376\377\000O\000P\000L\000a\000b\000e\000l\000.\000h\000\040\000F\000i\000l\000e\000\040\000R\000e\000f\000e\000r\000e\000n\000c\000e}{chapter.5}% 119
\BOOKMARK [2][-]{subsection.5.14.1}{\376\377\000D\000e\000t\000a\000i\000l\000e\000d\000\040\000D\000e\000s\000c\000r\000i\000p\000t\000i\000o\000n}{section.5.14}% 120
\BOOKMARK [1][-]{section.5.15}{\376\377\000O\000P\000R\000e\000g\000i\000s\000t\000e\000r\000.\000h\000\040\000F\000i\000l\000e\000\040\000R\000e\000f\000e\000r\000e\000n\000c\000e}{chapter.5}% 121
\BOOKMARK [2][-]{subsection.5.15.1}{\376\377\000D\000e\000t\000a\000i\000l\000e\000d\000\040\000D\000e\000s\000c\000r\000i\000p\000t\000i\000o\000n}{section.5.15}% 122
\BOOKMARK [1][-]{section.5.16}{\376\377\000P\000r\000o\000g\000r\000a\000m\000.\000h\000\040\000F\000i\000l\000e\000\040\000R\000e\000f\000e\000r\000e\000n\000c\000e}{chapter.5}% 123
\BOOKMARK [2][-]{subsection.5.16.1}{\376\377\000D\000e\000t\000a\000i\000l\000e\000d\000\040\000D\000e\000s\000c\000r\000i\000p\000t\000i\000o\000n}{section.5.16}% 124
\BOOKMARK [-1][-]{subsection.5.16.1}{\376\377\000I\000n\000d\000e\000x}{}% 125
